Using pre-set license
Built from '2021.3/staging' branch; Version is '2021.3.33f1 (ee5a2aa03ab2) revision 15620650'; Using compiler version '192829333'; Build Type 'Release'
OS: 'Windows 11  (10.0.22631) 64bit CoreSingleLanguage' Language: 'en' Physical Memory: 7918 MB
BatchMode: 1, IsHumanControllingUs: 0, StartBugReporterOnCrash: 0, Is64bit: 1, IsPro: 1

COMMAND LINE ARGUMENTS:
C:\Program Files\Unity\Hub\Editor\2021.3.33f1\Editor\Unity.exe
-adb2
-batchMode
-noUpm
-name
AssetImportWorker0
-projectPath
C:/Game Build/Real-Win-Jeeto
-logFile
Logs/AssetImportWorker0.log
-srvPort
57050
Successfully changed project path to: C:/Game Build/Real-Win-Jeeto
C:/Game Build/Real-Win-Jeeto
[UnityMemory] Configuration Parameters - Can be set up in boot.config
    "memorysetup-bucket-allocator-granularity=16"
    "memorysetup-bucket-allocator-bucket-count=8"
    "memorysetup-bucket-allocator-block-size=33554432"
    "memorysetup-bucket-allocator-block-count=8"
    "memorysetup-main-allocator-block-size=16777216"
    "memorysetup-thread-allocator-block-size=16777216"
    "memorysetup-gfx-main-allocator-block-size=16777216"
    "memorysetup-gfx-thread-allocator-block-size=16777216"
    "memorysetup-cache-allocator-block-size=4194304"
    "memorysetup-typetree-allocator-block-size=2097152"
    "memorysetup-profiler-bucket-allocator-granularity=16"
    "memorysetup-profiler-bucket-allocator-bucket-count=8"
    "memorysetup-profiler-bucket-allocator-block-size=33554432"
    "memorysetup-profiler-bucket-allocator-block-count=8"
    "memorysetup-profiler-allocator-block-size=16777216"
    "memorysetup-profiler-editor-allocator-block-size=1048576"
    "memorysetup-temp-allocator-size-main=16777216"
    "memorysetup-job-temp-allocator-block-size=2097152"
    "memorysetup-job-temp-allocator-block-size-background=1048576"
    "memorysetup-job-temp-allocator-reduction-small-platforms=262144"
    "memorysetup-temp-allocator-size-background-worker=32768"
    "memorysetup-temp-allocator-size-job-worker=262144"
    "memorysetup-temp-allocator-size-preload-manager=33554432"
    "memorysetup-temp-allocator-size-nav-mesh-worker=65536"
    "memorysetup-temp-allocator-size-audio-worker=65536"
    "memorysetup-temp-allocator-size-cloud-worker=32768"
    "memorysetup-temp-allocator-size-gi-baking-worker=262144"
    "memorysetup-temp-allocator-size-gfx=262144"
Player connection [19112] Host "[IP] 192.168.1.45 [Port] 0 [Flags] 2 [Guid] 2057310672 [EditorId] 2057310672 [Version] 1048832 [Id] WindowsEditor(7,Prothom) [Debug] 1 [PackageName] WindowsEditor [ProjectName] Editor" joined multi-casting on [225.0.0.222:54997]...

Player connection [19112] Host "[IP] 192.168.1.45 [Port] 0 [Flags] 2 [Guid] 2057310672 [EditorId] 2057310672 [Version] 1048832 [Id] WindowsEditor(7,Prothom) [Debug] 1 [PackageName] WindowsEditor [ProjectName] Editor" joined alternative multi-casting on [225.0.0.222:34997]...

[Physics::Module] Initialized MultithreadedJobDispatcher with {0} workers.
Refreshing native plugins compatible for Editor in 133.25 ms, found 6 plugins.
Preloading 0 native plugins for Editor in 0.00 ms.
Initialize engine version: 2021.3.33f1 (ee5a2aa03ab2)
[Subsystems] Discovering subsystems at path C:/Program Files/Unity/Hub/Editor/2021.3.33f1/Editor/Data/Resources/UnitySubsystems
[Subsystems] Discovering subsystems at path C:/Game Build/Real-Win-Jeeto/Assets
GfxDevice: creating device client; threaded=0; jobified=0
Direct3D:
    Version:  Direct3D 11.0 [level 11.1]
    Renderer: NVIDIA GeForce RTX 3050 Laptop GPU (ID=0x25a2)
    Vendor:   NVIDIA
    VRAM:     3977 MB
    Driver:   31.0.15.2879
Initialize mono
Mono path[0] = 'C:/Program Files/Unity/Hub/Editor/2021.3.33f1/Editor/Data/Managed'
Mono path[1] = 'C:/Program Files/Unity/Hub/Editor/2021.3.33f1/Editor/Data/MonoBleedingEdge/lib/mono/unityjit-win32'
Mono config path = 'C:/Program Files/Unity/Hub/Editor/2021.3.33f1/Editor/Data/MonoBleedingEdge/etc'
Using monoOptions --debugger-agent=transport=dt_socket,embedding=1,server=y,suspend=n,address=127.0.0.1:56836
Begin MonoManager ReloadAssembly
Registering precompiled unity dll's ...
Register platform support module: C:/Program Files/Unity/Hub/Editor/2021.3.33f1/Editor/Data/PlaybackEngines/AndroidPlayer/UnityEditor.Android.Extensions.dll
Register platform support module: C:/Program Files/Unity/Hub/Editor/2021.3.33f1/Editor/Data/PlaybackEngines/iOSSupport/UnityEditor.iOS.Extensions.dll
Register platform support module: C:/Program Files/Unity/Hub/Editor/2021.3.33f1/Editor/Data/PlaybackEngines/WindowsStandaloneSupport/UnityEditor.WindowsStandalone.Extensions.dll
Registered in 0.007537 seconds.
Native extension for WindowsStandalone target not found
[usbmuxd] Start listen thread
[usbmuxd] Listen thread started
Native extension for iOS target not found
Native extension for Android target not found
Android Extension - Scanning For ADB Devices 679 ms
Refreshing native plugins compatible for Editor in 103.15 ms, found 6 plugins.
Preloading 0 native plugins for Editor in 0.00 ms.
Mono: successfully reloaded assembly
- Completed reload, in  1.536 seconds
Domain Reload Profiling:
	ReloadAssembly (1536ms)
		BeginReloadAssembly (141ms)
			ExecutionOrderSort (0ms)
			DisableScriptedObjects (0ms)
			BackupInstance (0ms)
			ReleaseScriptingObjects (0ms)
			CreateAndSetChildDomain (1ms)
		EndReloadAssembly (1292ms)
			LoadAssemblies (139ms)
			RebuildTransferFunctionScriptingTraits (0ms)
			SetupTypeCache (113ms)
			ReleaseScriptCaches (0ms)
			RebuildScriptCaches (28ms)
			SetupLoadedEditorAssemblies (1108ms)
				LogAssemblyErrors (0ms)
				InitializePlatformSupportModulesInManaged (849ms)
				SetLoadedEditorAssemblies (0ms)
				RefreshPlugins (103ms)
				BeforeProcessingInitializeOnLoad (1ms)
				ProcessInitializeOnLoadAttributes (108ms)
				ProcessInitializeOnLoadMethodAttributes (46ms)
				AfterProcessingInitializeOnLoad (0ms)
				EditorAssembliesLoaded (0ms)
			ExecutionOrderSort2 (0ms)
			AwakeInstancesAfterBackupRestoration (0ms)
Platform modules already initialized, skipping
Registering precompiled user dll's ...
Registered in 0.071700 seconds.
Begin MonoManager ReloadAssembly
Symbol file LoadedFromMemory is not a mono symbol file
Native extension for WindowsStandalone target not found
Native extension for iOS target not found
Native extension for Android target not found
Refreshing native plugins compatible for Editor in 127.17 ms, found 6 plugins.
Preloading 0 native plugins for Editor in 0.00 ms.
Unable to write to 'ProjectSettings\GvhProjectSettings.xml' (System.IO.IOException: Sharing violation on path C:\Game Build\Real-Win-Jeeto\ProjectSettings\GvhProjectSettings.xml
  at System.IO.FileStream..ctor (System.String path, System.IO.FileMode mode, System.IO.FileAccess access, System.IO.FileShare share, System.Int32 bufferSize, System.Boolean anonymous, System.IO.FileOptions options) [0x0019e] in <7e05db41a20b45108859fa03b97088d4>:0 
  at System.IO.FileStream..ctor (System.String path, System.IO.FileMode mode, System.IO.FileAccess access, System.IO.FileShare share, System.Int32 bufferSize, System.IO.FileOptions options) [0x00000] in <7e05db41a20b45108859fa03b97088d4>:0 
  at System.IO.FileStream..ctor (System.String path, System.IO.FileMode mode, System.IO.FileAccess access, System.IO.FileShare share, System.Int32 bufferSize, System.Boolean useAsync) [0x00000] in <7e05db41a20b45108859fa03b97088d4>:0 
  at (wrapper remoting-invoke-with-check) System.IO.FileStream..ctor(string,System.IO.FileMode,System.IO.FileAccess,System.IO.FileShare,int,bool)
  at System.Xml.XmlWriterSettings.CreateWriter (System.String outputFileName) [0x00051] in <337a82c42268453aac277018623b41db>:0 
  at System.Xml.XmlWriter.Create (System.String outputFileName, System.Xml.XmlWriterSettings settings) [0x0000a] in <337a82c42268453aac277018623b41db>:0 
  at Google.ProjectSettings.Save () [0x0009c] in <7b3b3365853f49e5950b372d6f6764d8>:0 , Project settings were not saved!
UnityEngine.StackTraceUtility:ExtractStackTrace ()
UnityEngine.DebugLogHandler:LogFormat (UnityEngine.LogType,UnityEngine.Object,string,object[])
UnityEngine.Logger:Log (UnityEngine.LogType,object)
UnityEngine.Debug:LogError (object)
Google.Logger:Log (string,Google.LogLevel)
Google.ProjectSettings:Save ()
Google.ProjectSettings:SetBool (string,bool,Google.SettingsLocation)
Google.ProjectSettings:SetBool (string,bool)
Google.IOSResolver:set_VerboseLoggingEnabled (bool)
Google.IOSResolver:.cctor ()
System.Runtime.CompilerServices.RuntimeHelpers:RunClassConstructor (System.RuntimeTypeHandle)
UnityEditor.EditorAssemblies:ProcessInitializeOnLoadAttributes (System.Type[])

Package Manager log level set to [2]
[Package Manager] Server::EnsureServerProcessIsRunning -- launch failed, reason: Unity was launched with the -noUpm command-line argument
[Package Manager] Cannot connect to Unity Package Manager local server
Mono: successfully reloaded assembly
- Completed reload, in  8.544 seconds
Domain Reload Profiling:
	ReloadAssembly (8546ms)
		BeginReloadAssembly (135ms)
			ExecutionOrderSort (0ms)
			DisableScriptedObjects (6ms)
			BackupInstance (0ms)
			ReleaseScriptingObjects (0ms)
			CreateAndSetChildDomain (25ms)
		EndReloadAssembly (8264ms)
			LoadAssemblies (221ms)
			RebuildTransferFunctionScriptingTraits (0ms)
			SetupTypeCache (541ms)
			ReleaseScriptCaches (1ms)
			RebuildScriptCaches (75ms)
			SetupLoadedEditorAssemblies (7370ms)
				LogAssemblyErrors (0ms)
				InitializePlatformSupportModulesInManaged (38ms)
				SetLoadedEditorAssemblies (0ms)
				RefreshPlugins (127ms)
				BeforeProcessingInitializeOnLoad (81ms)
				ProcessInitializeOnLoadAttributes (7085ms)
				ProcessInitializeOnLoadMethodAttributes (32ms)
				AfterProcessingInitializeOnLoad (7ms)
				EditorAssembliesLoaded (0ms)
			ExecutionOrderSort2 (0ms)
			AwakeInstancesAfterBackupRestoration (5ms)
Platform modules already initialized, skipping
========================================================================
Worker process is ready to serve import requests
Launched and connected shader compiler UnityShaderCompiler.exe after 0.07 seconds
Refreshing native plugins compatible for Editor in 2.14 ms, found 6 plugins.
Preloading 0 native plugins for Editor in 0.00 ms.
Unloading 4380 Unused Serialized files (Serialized files now loaded: 0)
Unloading 157 unused Assets / (49.9 KB). Loaded Objects now: 4790.
Memory consumption went from 172.0 MB to 171.9 MB.
Total: 5.369600 ms (FindLiveObjects: 0.555600 ms CreateObjectMapping: 0.394000 ms MarkObjects: 4.171200 ms  DeleteObjects: 0.246200 ms)

AssetImportParameters requested are different than current active one (requested -> active):
  custom:video-decoder-ogg-theora: a1e56fd34408186e4bbccfd4996cb3dc -> 
  custom:container-muxer-webm: aa71ff27fc2769a1b78a27578f13a17b -> 
  custom:container-demuxer-webm: 4f35f7cbe854078d1ac9338744f61a02 -> 
  custom:video-encoder-webm-vp8: eb34c28f22e8b96e1ab97ce403110664 -> 
  custom:video-codec-MediaFoundation-h265: 746d11721c4dcdbdad8f713fa42b33f4 -> 
  custom:CustomObjectIndexerAttribute: bc11b3a6c3213fcdd17b65e7da85e133 -> 
  custom:audio-encoder-webm-vorbis: bf7c407c2cedff20999df2af8eb42d56 -> 
  custom:framework-win-MediaFoundation: 216162199b28c13a410421893ffa2e32 -> 
  custom:SearchIndexIgnoredProperties: e643bd26f0fe6173181afceb89e7c659 -> 
  custom:container-demuxer-ogg: 62fdf1f143b41e24485cea50d1cbac27 -> 
  custom:video-decoder-webm-vp8: 9c59270c3fd7afecdb556c50c9e8de78 -> 
  custom:audio-decoder-ogg-vorbis: bf7c407c2cedff20999df2af8eb42d56 -> 
========================================================================
Received Import Request.
  Time since last request: 11687.442643 seconds.
  path: Assets/Game/Ludo New/Sprites/Dice/Dice3.png
  artifactKey: Guid(41bf6df144b54f94e8f64f576e49b3ab) Importer(815301076,1909f56bfc062723c751e8b465ee728b)
Number of updated assets reloaded before import = 0
Start importing Assets/Game/Ludo New/Sprites/Dice/Dice3.png using Guid(41bf6df144b54f94e8f64f576e49b3ab) Importer(815301076,1909f56bfc062723c751e8b465ee728b)  -> (artifact id: '8e21fbe356746cee9c46c4d7bc748128') in 1.957815 seconds 
Number of asset objects unloaded after import = 3
========================================================================
Received Import Request.
  Time since last request: 0.000026 seconds.
  path: Assets/Game/Ludo New/Sprites/Dice/Dice6.png
  artifactKey: Guid(3fbf2b8d7543ac8439059a732dbfcdb1) Importer(815301076,1909f56bfc062723c751e8b465ee728b)
Number of updated assets reloaded before import = 0
Start importing Assets/Game/Ludo New/Sprites/Dice/Dice6.png using Guid(3fbf2b8d7543ac8439059a732dbfcdb1) Importer(815301076,1909f56bfc062723c751e8b465ee728b)  -> (artifact id: '8d23c8a239dbad2d0815561ffc790996') in 0.075038 seconds 
Number of asset objects unloaded after import = 3
========================================================================
Received Import Request.
  Time since last request: 25.802124 seconds.
  path: Assets/Developer/06 Home Screen-assets/Privaey.png
  artifactKey: Guid(a8820a2b1d8a7484da563dc8b3162f35) Importer(815301076,1909f56bfc062723c751e8b465ee728b)
Number of updated assets reloaded before import = 0
Start importing Assets/Developer/06 Home Screen-assets/Privaey.png using Guid(a8820a2b1d8a7484da563dc8b3162f35) Importer(815301076,1909f56bfc062723c751e8b465ee728b)  -> (artifact id: '025dc04947c23b6daff2fb5ce60debc1') in 0.025038 seconds 
Number of asset objects unloaded after import = 3
========================================================================
Received Import Request.
  Time since last request: 0.000029 seconds.
  path: Assets/Developer/16 Room-assets/profile.png
  artifactKey: Guid(ecc1d6077c7a8c54c974d09722b4d8d7) Importer(815301076,1909f56bfc062723c751e8b465ee728b)
Number of updated assets reloaded before import = 0
Start importing Assets/Developer/16 Room-assets/profile.png using Guid(ecc1d6077c7a8c54c974d09722b4d8d7) Importer(815301076,1909f56bfc062723c751e8b465ee728b)  -> (artifact id: '1337e11f86256575ec5f44533a52c473') in 0.029456 seconds 
Number of asset objects unloaded after import = 3
========================================================================
Received Import Request.
  Time since last request: 0.000021 seconds.
  path: Assets/Developer/06 Home Screen-assets/Profile 1.png
  artifactKey: Guid(f51ea60415d357944bc26e257dda5a88) Importer(815301076,1909f56bfc062723c751e8b465ee728b)
Number of updated assets reloaded before import = 0
Start importing Assets/Developer/06 Home Screen-assets/Profile 1.png using Guid(f51ea60415d357944bc26e257dda5a88) Importer(815301076,1909f56bfc062723c751e8b465ee728b)  -> (artifact id: '920274c59a473885bacdc14bbc40b89b') in 0.019739 seconds 
Number of asset objects unloaded after import = 3
========================================================================
Received Import Request.
  Time since last request: 0.000031 seconds.
  path: Assets/Game/rummy/Resources/cards/QUEEN_HEARTS.png
  artifactKey: Guid(4e728ee3c23f443698c12ee1515fafcf) Importer(815301076,1909f56bfc062723c751e8b465ee728b)
Number of updated assets reloaded before import = 0
Start importing Assets/Game/rummy/Resources/cards/QUEEN_HEARTS.png using Guid(4e728ee3c23f443698c12ee1515fafcf) Importer(815301076,1909f56bfc062723c751e8b465ee728b)  -> (artifact id: 'ac848f9f879cc4cca3f02a75df9bbbaa') in 0.025679 seconds 
Number of asset objects unloaded after import = 3
========================================================================
Received Import Request.
  Time since last request: 0.000037 seconds.
  path: Assets/Game/rummy/Resources/cards/QUEEN_DIAMONDS.png
  artifactKey: Guid(d16c6f66b87794477b0c209f919fda03) Importer(815301076,1909f56bfc062723c751e8b465ee728b)
Number of updated assets reloaded before import = 0
Start importing Assets/Game/rummy/Resources/cards/QUEEN_DIAMONDS.png using Guid(d16c6f66b87794477b0c209f919fda03) Importer(815301076,1909f56bfc062723c751e8b465ee728b)  -> (artifact id: 'd772057de72a717bcb6b1aaf1de25b16') in 0.025139 seconds 
Number of asset objects unloaded after import = 3
========================================================================
Received Import Request.
  Time since last request: 0.000022 seconds.
  path: Assets/Game/Elite Ludo/Sprites/REd_as.png
  artifactKey: Guid(a79c1030458082545bae48d06d30756e) Importer(815301076,1909f56bfc062723c751e8b465ee728b)
Number of updated assets reloaded before import = 0
Start importing Assets/Game/Elite Ludo/Sprites/REd_as.png using Guid(a79c1030458082545bae48d06d30756e) Importer(815301076,1909f56bfc062723c751e8b465ee728b)  -> (artifact id: '3dd211417cdf3db5ad6b4e5a0606877c') in 0.020737 seconds 
Number of asset objects unloaded after import = 3
========================================================================
Received Import Request.
  Time since last request: 0.000025 seconds.
  path: Assets/Game/Elite Ludo/Sprites/Edit/GUI/RateButton.png
  artifactKey: Guid(5758f3a98cdcb44c6a2327a766ac8665) Importer(815301076,1909f56bfc062723c751e8b465ee728b)
Number of updated assets reloaded before import = 0
Start importing Assets/Game/Elite Ludo/Sprites/Edit/GUI/RateButton.png using Guid(5758f3a98cdcb44c6a2327a766ac8665) Importer(815301076,1909f56bfc062723c751e8b465ee728b)  -> (artifact id: '25b4488846b7e7bb8bed3e9d038e9bde') in 0.022066 seconds 
Number of asset objects unloaded after import = 3
========================================================================
Received Import Request.
  Time since last request: 0.000042 seconds.
  path: Assets/Game/Ludo Self Files/Game/Art/Home/Rupee Goldeen.png
  artifactKey: Guid(efdbea99f1aebe14298afc94c9ea0a12) Importer(815301076,1909f56bfc062723c751e8b465ee728b)
Number of updated assets reloaded before import = 0
Start importing Assets/Game/Ludo Self Files/Game/Art/Home/Rupee Goldeen.png using Guid(efdbea99f1aebe14298afc94c9ea0a12) Importer(815301076,1909f56bfc062723c751e8b465ee728b)  -> (artifact id: 'adf0aee1d70e264995ee696b5dbd334a') in 0.016734 seconds 
Number of asset objects unloaded after import = 3
========================================================================
Received Import Request.
  Time since last request: 0.000018 seconds.
  path: Assets/Developer/10 Switch Account-assets/Quit.png
  artifactKey: Guid(f0352f290cdaff1489b61713a1c45405) Importer(815301076,1909f56bfc062723c751e8b465ee728b)
Number of updated assets reloaded before import = 0
Start importing Assets/Developer/10 Switch Account-assets/Quit.png using Guid(f0352f290cdaff1489b61713a1c45405) Importer(815301076,1909f56bfc062723c751e8b465ee728b)  -> (artifact id: '8ceccf1ab087986ea20437184dd10cf3') in 0.024405 seconds 
Number of asset objects unloaded after import = 3
========================================================================
Received Import Request.
  Time since last request: 0.000028 seconds.
  path: Assets/Game/Ludo Self Files/Game/Art/Home/Rupee Sign.png
  artifactKey: Guid(e38ef64c35c495947aa2a4f1eed9f505) Importer(815301076,1909f56bfc062723c751e8b465ee728b)
Number of updated assets reloaded before import = 0
Start importing Assets/Game/Ludo Self Files/Game/Art/Home/Rupee Sign.png using Guid(e38ef64c35c495947aa2a4f1eed9f505) Importer(815301076,1909f56bfc062723c751e8b465ee728b)  -> (artifact id: '75df64559cf7ee9726cc6e05626b29e5') in 0.019036 seconds 
Number of asset objects unloaded after import = 3
========================================================================
Received Import Request.
  Time since last request: 0.000021 seconds.
  path: Assets/Developer/11 Game Play-assets/Profile.png
  artifactKey: Guid(2e1b87fc2914d68428b0c1d38ccd9a7e) Importer(815301076,1909f56bfc062723c751e8b465ee728b)
Number of updated assets reloaded before import = 0
Start importing Assets/Developer/11 Game Play-assets/Profile.png using Guid(2e1b87fc2914d68428b0c1d38ccd9a7e) Importer(815301076,1909f56bfc062723c751e8b465ee728b)  -> (artifact id: '1e4ef8a159012a72697c4001b403a77d') in 0.017162 seconds 
Number of asset objects unloaded after import = 3
========================================================================
Received Import Request.
  Time since last request: 0.000023 seconds.
  path: Assets/Game/Elite Ludo/Sprites/DontEdit/RedBall.png
  artifactKey: Guid(40c37f43addd8064a8f283a134ddb03d) Importer(815301076,1909f56bfc062723c751e8b465ee728b)
Number of updated assets reloaded before import = 0
Start importing Assets/Game/Elite Ludo/Sprites/DontEdit/RedBall.png using Guid(40c37f43addd8064a8f283a134ddb03d) Importer(815301076,1909f56bfc062723c751e8b465ee728b)  -> (artifact id: 'b1d70e10ed3d06d6d13771c8920775f1') in 0.014870 seconds 
Number of asset objects unloaded after import = 3
========================================================================
Received Import Request.
  Time since last request: 0.000027 seconds.
  path: Assets/Game/rummy/Resources/cards/QUEEN_SPADES.png
  artifactKey: Guid(417b97763e87949ff98f54621268739e) Importer(815301076,1909f56bfc062723c751e8b465ee728b)
Number of updated assets reloaded before import = 0
Start importing Assets/Game/rummy/Resources/cards/QUEEN_SPADES.png using Guid(417b97763e87949ff98f54621268739e) Importer(815301076,1909f56bfc062723c751e8b465ee728b)  -> (artifact id: 'c40e99115d36b45b131f0e794d1e0bd4') in 0.019283 seconds 
Number of asset objects unloaded after import = 3
========================================================================
Received Import Request.
  Time since last request: 0.000031 seconds.
  path: Assets/Game/Elite Ludo/Sprites/red.png
  artifactKey: Guid(85d121ac29f11b541bf4c7fdfc0cc9b2) Importer(815301076,1909f56bfc062723c751e8b465ee728b)
Number of updated assets reloaded before import = 0
Start importing Assets/Game/Elite Ludo/Sprites/red.png using Guid(85d121ac29f11b541bf4c7fdfc0cc9b2) Importer(815301076,1909f56bfc062723c751e8b465ee728b)  -> (artifact id: '5ec4cbfed4e134e6d0f23e5baa37e748') in 0.017663 seconds 
Number of asset objects unloaded after import = 3
========================================================================
Received Import Request.
  Time since last request: 0.000022 seconds.
  path: Assets/Developer/05 Login Fili-assets/Quit.png
  artifactKey: Guid(8a7a9c480033da649be66a2546d6b026) Importer(815301076,1909f56bfc062723c751e8b465ee728b)
Number of updated assets reloaded before import = 0
Start importing Assets/Developer/05 Login Fili-assets/Quit.png using Guid(8a7a9c480033da649be66a2546d6b026) Importer(815301076,1909f56bfc062723c751e8b465ee728b)  -> (artifact id: 'dab6f1fba0822d09bd31a24499ffcfe6') in 0.022126 seconds 
Number of asset objects unloaded after import = 3
========================================================================
Received Import Request.
  Time since last request: 0.000027 seconds.
  path: Assets/Developer/11 Game Play-assets/selavar.png
  artifactKey: Guid(d2c55654535da9b4b8fd4d10ebb06e81) Importer(815301076,1909f56bfc062723c751e8b465ee728b)
Number of updated assets reloaded before import = 0
Start importing Assets/Developer/11 Game Play-assets/selavar.png using Guid(d2c55654535da9b4b8fd4d10ebb06e81) Importer(815301076,1909f56bfc062723c751e8b465ee728b)  -> (artifact id: 'afbcb5a5edd3a6b8278e9a59b74516fe') in 0.015680 seconds 
Number of asset objects unloaded after import = 3
========================================================================
Received Import Request.
  Time since last request: 0.000037 seconds.
  path: Assets/Developer/04 Forget Password-assets/Reset Password.png
  artifactKey: Guid(eba8677495737de41b81fe46b1d02e85) Importer(815301076,1909f56bfc062723c751e8b465ee728b)
Number of updated assets reloaded before import = 0
Start importing Assets/Developer/04 Forget Password-assets/Reset Password.png using Guid(eba8677495737de41b81fe46b1d02e85) Importer(815301076,1909f56bfc062723c751e8b465ee728b)  -> (artifact id: 'fbec371707c0acd3173c0e19301e5b31') in 0.019969 seconds 
Number of asset objects unloaded after import = 3
========================================================================
Received Import Request.
  Time since last request: 0.000020 seconds.
  path: Assets/Developer/17 Game WIn-assets/Rebiin.png
  artifactKey: Guid(b1d28ed00bbed41448324a3d413548e9) Importer(815301076,1909f56bfc062723c751e8b465ee728b)
Number of updated assets reloaded before import = 0
Start importing Assets/Developer/17 Game WIn-assets/Rebiin.png using Guid(b1d28ed00bbed41448324a3d413548e9) Importer(815301076,1909f56bfc062723c751e8b465ee728b)  -> (artifact id: '47a31c39280ee798d3ec68dab6765270') in 0.080355 seconds 
Number of asset objects unloaded after import = 3
========================================================================
Received Import Request.
  Time since last request: 0.126739 seconds.
  path: Assets/Developer/06 Home Screen-assets/Setting.png
  artifactKey: Guid(648363d1a4c1d444d899a6cc0a509c33) Importer(815301076,1909f56bfc062723c751e8b465ee728b)
Number of updated assets reloaded before import = 0
Start importing Assets/Developer/06 Home Screen-assets/Setting.png using Guid(648363d1a4c1d444d899a6cc0a509c33) Importer(815301076,1909f56bfc062723c751e8b465ee728b)  -> (artifact id: '2ad6c3e5015175be75f094c86111c635') in 0.016318 seconds 
Number of asset objects unloaded after import = 3
========================================================================
Received Import Request.
  Time since last request: 0.000030 seconds.
  path: Assets/Game/Elite Ludo/Sprites/SHine.png
  artifactKey: Guid(3da3e2a7ac04b504f868144ead4c1bff) Importer(815301076,1909f56bfc062723c751e8b465ee728b)
Number of updated assets reloaded before import = 0
Start importing Assets/Game/Elite Ludo/Sprites/SHine.png using Guid(3da3e2a7ac04b504f868144ead4c1bff) Importer(815301076,1909f56bfc062723c751e8b465ee728b)  -> (artifact id: '34a177264237da4a70d0e524885ffbe5') in 0.231872 seconds 
Number of asset objects unloaded after import = 3
========================================================================
Received Import Request.
  Time since last request: 0.000026 seconds.
  path: Assets/Game/SnakeExport/Sprites/snack and ladders.jpg
  artifactKey: Guid(1839b3bfa1dd0cd40961d901714ee7de) Importer(815301076,1909f56bfc062723c751e8b465ee728b)
Number of updated assets reloaded before import = 0
Start importing Assets/Game/SnakeExport/Sprites/snack and ladders.jpg using Guid(1839b3bfa1dd0cd40961d901714ee7de) Importer(815301076,1909f56bfc062723c751e8b465ee728b)  -> (artifact id: '8c3b342dfef98d4dc0b12f1be5cbf394') in 0.331846 seconds 
Number of asset objects unloaded after import = 3
========================================================================
Received Import Request.
  Time since last request: 4.258691 seconds.
  path: Assets/Game/Other/Art/spin item/spin wheel [Converted].png
  artifactKey: Guid(0ba4c4e876417044dbed68b672c7ed28) Importer(815301076,1909f56bfc062723c751e8b465ee728b)
Number of updated assets reloaded before import = 0
Start importing Assets/Game/Other/Art/spin item/spin wheel [Converted].png using Guid(0ba4c4e876417044dbed68b672c7ed28) Importer(815301076,1909f56bfc062723c751e8b465ee728b)  -> (artifact id: '445087cf58bc6d60216038065f93d71b') in 0.036009 seconds 
Number of asset objects unloaded after import = 3
========================================================================
Received Import Request.
  Time since last request: 0.000034 seconds.
  path: Assets/Game/Ludo Self Files/Game/Art/Home/Tanspaent Header.png
  artifactKey: Guid(4e5373c1f9bf6dc48b9b68c18b64e401) Importer(815301076,1909f56bfc062723c751e8b465ee728b)
Number of updated assets reloaded before import = 0
Start importing Assets/Game/Ludo Self Files/Game/Art/Home/Tanspaent Header.png using Guid(4e5373c1f9bf6dc48b9b68c18b64e401) Importer(815301076,1909f56bfc062723c751e8b465ee728b)  -> (artifact id: '7c11ddd230497f9e95aa92dc84a13f6e') in 0.078158 seconds 
Number of asset objects unloaded after import = 3
========================================================================
Received Import Request.
  Time since last request: 0.000034 seconds.
  path: Assets/Game/Other/Art/FRUIT CUT/START.png
  artifactKey: Guid(714bb4c4b07472743b6c0835894d1096) Importer(815301076,1909f56bfc062723c751e8b465ee728b)
Number of updated assets reloaded before import = 0
Start importing Assets/Game/Other/Art/FRUIT CUT/START.png using Guid(714bb4c4b07472743b6c0835894d1096) Importer(815301076,1909f56bfc062723c751e8b465ee728b)  -> (artifact id: '343637d21ad767ae692f64170f8d05bc') in 0.086291 seconds 
Number of asset objects unloaded after import = 3
========================================================================
Received Import Request.
  Time since last request: 0.000028 seconds.
  path: Assets/Developer/submit.png
  artifactKey: Guid(dd9757b0f29c9cf49969f05e2420ac72) Importer(815301076,1909f56bfc062723c751e8b465ee728b)
Number of updated assets reloaded before import = 0
Start importing Assets/Developer/submit.png using Guid(dd9757b0f29c9cf49969f05e2420ac72) Importer(815301076,1909f56bfc062723c751e8b465ee728b)  -> (artifact id: '09f853d5320f0e1e90442eaf4dde9ae6') in 0.015672 seconds 
Number of asset objects unloaded after import = 3
========================================================================
Received Import Request.
  Time since last request: 0.000034 seconds.
  path: Assets/Game/rummy/Resources/cards/TEN_DIAMONDS.png
  artifactKey: Guid(e6a6bbd75467e4915a2d6a7a0874a6bd) Importer(815301076,1909f56bfc062723c751e8b465ee728b)
Number of updated assets reloaded before import = 0
Start importing Assets/Game/rummy/Resources/cards/TEN_DIAMONDS.png using Guid(e6a6bbd75467e4915a2d6a7a0874a6bd) Importer(815301076,1909f56bfc062723c751e8b465ee728b)  -> (artifact id: '8f641e8109f366e9d34fb8ea29a5b030') in 0.014821 seconds 
Number of asset objects unloaded after import = 3
========================================================================
Received Import Request.
  Time since last request: 0.000021 seconds.
  path: Assets/Game/rummy/Resources/cards/TEN_CLUBS.png
  artifactKey: Guid(c33db8e01c4b04ef6aca0662592da407) Importer(815301076,1909f56bfc062723c751e8b465ee728b)
Number of updated assets reloaded before import = 0
Start importing Assets/Game/rummy/Resources/cards/TEN_CLUBS.png using Guid(c33db8e01c4b04ef6aca0662592da407) Importer(815301076,1909f56bfc062723c751e8b465ee728b)  -> (artifact id: 'b016815517227a86e725f86fe368af54') in 0.014367 seconds 
Number of asset objects unloaded after import = 3
========================================================================
Received Import Request.
  Time since last request: 0.000022 seconds.
  path: Assets/Game/rummy/Resources/cards/TEN_HEARTS.png
  artifactKey: Guid(6efda3820ab0f4ab59e8f19f3e97c324) Importer(815301076,1909f56bfc062723c751e8b465ee728b)
Number of updated assets reloaded before import = 0
Start importing Assets/Game/rummy/Resources/cards/TEN_HEARTS.png using Guid(6efda3820ab0f4ab59e8f19f3e97c324) Importer(815301076,1909f56bfc062723c751e8b465ee728b)  -> (artifact id: '19e7023ada87569054da5311b3976ded') in 0.013683 seconds 
Number of asset objects unloaded after import = 3
========================================================================
Received Import Request.
  Time since last request: 0.000025 seconds.
  path: Assets/Game/Other/Art/Home/Teen Patti.png
  artifactKey: Guid(f4d17c714f2ef1246820804ba75aeadb) Importer(815301076,1909f56bfc062723c751e8b465ee728b)
Number of updated assets reloaded before import = 0
Start importing Assets/Game/Other/Art/Home/Teen Patti.png using Guid(f4d17c714f2ef1246820804ba75aeadb) Importer(815301076,1909f56bfc062723c751e8b465ee728b)  -> (artifact id: '5f94b17ddbe107ce079ed344214de0e8') in 0.021002 seconds 
Number of asset objects unloaded after import = 3
========================================================================
Received Import Request.
  Time since last request: 0.195999 seconds.
  path: Assets/Game/rummy/Resources/cards/THREE_CLUBS.png
  artifactKey: Guid(11047d58672964e278de2c2e58f288c1) Importer(815301076,1909f56bfc062723c751e8b465ee728b)
Number of updated assets reloaded before import = 0
Start importing Assets/Game/rummy/Resources/cards/THREE_CLUBS.png using Guid(11047d58672964e278de2c2e58f288c1) Importer(815301076,1909f56bfc062723c751e8b465ee728b)  -> (artifact id: 'e25c4b08849fbe013f15c91f5ef3856c') in 0.019740 seconds 
Number of asset objects unloaded after import = 3
========================================================================
Received Import Request.
  Time since last request: 0.000038 seconds.
  path: Assets/Game/rummy/Resources/cards/THREE_HEARTS.png
  artifactKey: Guid(f505b8f074d7f41558414a6350eb517a) Importer(815301076,1909f56bfc062723c751e8b465ee728b)
Number of updated assets reloaded before import = 0
Start importing Assets/Game/rummy/Resources/cards/THREE_HEARTS.png using Guid(f505b8f074d7f41558414a6350eb517a) Importer(815301076,1909f56bfc062723c751e8b465ee728b)  -> (artifact id: '820d4fca4151a55c8663bfe3aba9da64') in 0.022223 seconds 
Number of asset objects unloaded after import = 3
========================================================================
Received Import Request.
  Time since last request: 0.000032 seconds.
  path: Assets/Developer/16 Room-assets/unkonwproifile.png
  artifactKey: Guid(60f1fb92964a6604ea12a3ad1c856074) Importer(815301076,1909f56bfc062723c751e8b465ee728b)
Number of updated assets reloaded before import = 0
Start importing Assets/Developer/16 Room-assets/unkonwproifile.png using Guid(60f1fb92964a6604ea12a3ad1c856074) Importer(815301076,1909f56bfc062723c751e8b465ee728b)  -> (artifact id: 'b6b0695b6a80570afabb2c5d4323db77') in 0.020998 seconds 
Number of asset objects unloaded after import = 3
========================================================================
Received Import Request.
  Time since last request: 0.000046 seconds.
  path: Assets/Game/rummy/Resources/cards/TWO_HEARTS.png
  artifactKey: Guid(00564fbca889b427497a665e5be080c7) Importer(815301076,1909f56bfc062723c751e8b465ee728b)
Number of updated assets reloaded before import = 0
Start importing Assets/Game/rummy/Resources/cards/TWO_HEARTS.png using Guid(00564fbca889b427497a665e5be080c7) Importer(815301076,1909f56bfc062723c751e8b465ee728b)  -> (artifact id: '60df0febf351ac7477518509b6e98b5e') in 0.017184 seconds 
Number of asset objects unloaded after import = 3
========================================================================
Received Import Request.
  Time since last request: 0.000019 seconds.
  path: Assets/Game/Elite Ludo/Sprites/DontEdit/TOp_BAr_GAme.png
  artifactKey: Guid(1b403369c58588349ab278bb85d9b94e) Importer(815301076,1909f56bfc062723c751e8b465ee728b)
Number of updated assets reloaded before import = 0
Start importing Assets/Game/Elite Ludo/Sprites/DontEdit/TOp_BAr_GAme.png using Guid(1b403369c58588349ab278bb85d9b94e) Importer(815301076,1909f56bfc062723c751e8b465ee728b)  -> (artifact id: '4c6499541ff57d047e38e6108b1bc589') in 0.026687 seconds 
Number of asset objects unloaded after import = 3
========================================================================
Received Import Request.
  Time since last request: 0.000023 seconds.
  path: Assets/Game/rummy/Resources/cards/TWO_CLUBS.png
  artifactKey: Guid(6d4c153ad99b741b094cd06dd067a3f2) Importer(815301076,1909f56bfc062723c751e8b465ee728b)
Number of updated assets reloaded before import = 0
Start importing Assets/Game/rummy/Resources/cards/TWO_CLUBS.png using Guid(6d4c153ad99b741b094cd06dd067a3f2) Importer(815301076,1909f56bfc062723c751e8b465ee728b)  -> (artifact id: 'fae7d5bb9caa3518d55b0103b06dc957') in 0.016140 seconds 
Number of asset objects unloaded after import = 3
========================================================================
Received Import Request.
  Time since last request: 0.000026 seconds.
  path: Assets/Game/Elite Ludo/Sprites/Top_bar.png
  artifactKey: Guid(93ead09338d991543a7a4a3edf7f21f1) Importer(815301076,1909f56bfc062723c751e8b465ee728b)
Number of updated assets reloaded before import = 0
Start importing Assets/Game/Elite Ludo/Sprites/Top_bar.png using Guid(93ead09338d991543a7a4a3edf7f21f1) Importer(815301076,1909f56bfc062723c751e8b465ee728b)  -> (artifact id: '71b1a237da0e334326d3466d06878f00') in 0.031032 seconds 
Number of asset objects unloaded after import = 3
========================================================================
Received Import Request.
  Time since last request: 2.226849 seconds.
  path: Assets/Game/rummy/Assets/User Icon.png
  artifactKey: Guid(980070816d2c5134aad11e8d86986815) Importer(815301076,1909f56bfc062723c751e8b465ee728b)
Number of updated assets reloaded before import = 0
Start importing Assets/Game/rummy/Assets/User Icon.png using Guid(980070816d2c5134aad11e8d86986815) Importer(815301076,1909f56bfc062723c751e8b465ee728b)  -> (artifact id: '321a846017b4256d22f3b51745a26217') in 0.030279 seconds 
Number of asset objects unloaded after import = 3
========================================================================
Received Import Request.
  Time since last request: 0.000041 seconds.
  path: Assets/Game/Other/Art/spin item/wheel spin.png
  artifactKey: Guid(00ecbe5b172cd31409d22982e0755e76) Importer(815301076,1909f56bfc062723c751e8b465ee728b)
Number of updated assets reloaded before import = 0
Start importing Assets/Game/Other/Art/spin item/wheel spin.png using Guid(00ecbe5b172cd31409d22982e0755e76) Importer(815301076,1909f56bfc062723c751e8b465ee728b)  -> (artifact id: 'daef568e50041135d4d6c7517093fa10') in 0.330693 seconds 
Number of asset objects unloaded after import = 3
========================================================================
Received Import Request.
  Time since last request: 0.000026 seconds.
  path: Assets/Developer/17 Game WIn-assets/wincrow.png
  artifactKey: Guid(82c268c59ecfc814f87b391006bfdd5f) Importer(815301076,1909f56bfc062723c751e8b465ee728b)
Number of updated assets reloaded before import = 0
Start importing Assets/Developer/17 Game WIn-assets/wincrow.png using Guid(82c268c59ecfc814f87b391006bfdd5f) Importer(815301076,1909f56bfc062723c751e8b465ee728b)  -> (artifact id: '9c6100ce0f645603c7805c287f26b873') in 0.014568 seconds 
Number of asset objects unloaded after import = 3
========================================================================
Received Import Request.
  Time since last request: 0.000054 seconds.
  path: Assets/Game/Elite Ludo/Sprites/Whatsapp.png
  artifactKey: Guid(4947ff61acdb5d84f8d3bcf4e50d6a3e) Importer(815301076,1909f56bfc062723c751e8b465ee728b)
Number of updated assets reloaded before import = 0
Start importing Assets/Game/Elite Ludo/Sprites/Whatsapp.png using Guid(4947ff61acdb5d84f8d3bcf4e50d6a3e) Importer(815301076,1909f56bfc062723c751e8b465ee728b)  -> (artifact id: '7a94d71b6a6eee1273baeba95bcb9414') in 0.014245 seconds 
Number of asset objects unloaded after import = 3
Editor requested this worker to shutdown with reason: Scaling down because of idle timeout
AssetImportWorker is now disconnected from the server
Process exiting
Exiting without the bug reporter. Application will terminate with return code 0